# JRE version: OpenJDK Runtime Environment (8.0_242-b01) (build 1.8.0_242-release-1644-b01)
# Java VM: OpenJDK 64-Bit Server VM (25.242-b01 mixed mode windows-amd64 compressed oops)
Heap:
 PSYoungGen      total 524288K, used 20536K [0x00000000d5580000, 0x00000000fc080000, 0x0000000100000000)
  eden space 504832K, 4% used [0x00000000d5580000,0x00000000d698e148,0x00000000f4280000)
  from space 19456K, 0% used [0x00000000f4280000,0x00000000f4280000,0x00000000f5580000)
  to   space 64512K, 0% used [0x00000000f8180000,0x00000000f8180000,0x00000000fc080000)
 ParOldGen       total 392704K, used 101710K [0x0000000080000000, 0x0000000097f80000, 0x00000000d5580000)
  object space 392704K, 25% used [0x0000000080000000,0x0000000086353b48,0x0000000097f80000)
 Metaspace       used 213015K, capacity 224052K, committed 257944K, reserved 1271808K
  class space    used 27360K, capacity 29255K, committed 35488K, reserved 1048576K
GC Heap History (10 events):
Event: 3618.004 GC heap before
{Heap before GC invocations=56 (full 6):
 PSYoungGen      total 628736K, used 564736K [0x00000000d5580000, 0x0000000100000000, 0x0000000100000000)
  eden space 564736K, 100% used [0x00000000d5580000,0x00000000f7d00000,0x00000000f7d00000)
  from space 64000K, 0% used [0x00000000f7d00000,0x00000000f7d00000,0x00000000fbb80000)
  to   space 70144K, 0% used [0x00000000fbb80000,0x00000000fbb80000,0x0000000100000000)
 ParOldGen       total 392704K, used 182480K [0x0000000080000000, 0x0000000097f80000, 0x00000000d5580000)
  object space 392704K, 46% used [0x0000000080000000,0x000000008b234378,0x0000000097f80000)
 Metaspace       used 248357K, capacity 263194K, committed 263448K, reserved 1277952K
  class space    used 32275K, capacity 34800K, committed 34848K, reserved 1048576K
Event: 3618.953 GC heap after
Heap after GC invocations=56 (full 6):
 PSYoungGen      total 605184K, used 25650K [0x00000000d5580000, 0x00000000ff780000, 0x0000000100000000)
  eden space 543744K, 0% used [0x00000000d5580000,0x00000000d5580000,0x00000000f6880000)
  from space 61440K, 41% used [0x00000000fbb80000,0x00000000fd48cb98,0x00000000ff780000)
  to   space 73216K, 0% used [0x00000000f6880000,0x00000000f6880000,0x00000000fb000000)
 ParOldGen       total 392704K, used 182496K [0x0000000080000000, 0x0000000097f80000, 0x00000000d5580000)
  object space 392704K, 46% used [0x0000000080000000,0x000000008b238378,0x0000000097f80000)
 Metaspace       used 248357K, capacity 263194K, committed 263448K, reserved 1277952K
  class space    used 32275K, capacity 34800K, committed 34848K, reserved 1048576K
}
Event: 3708.546 GC heap before
{Heap before GC invocations=57 (full 6):
 PSYoungGen      total 605184K, used 569394K [0x00000000d5580000, 0x00000000ff780000, 0x0000000100000000)
  eden space 543744K, 100% used [0x00000000d5580000,0x00000000f6880000,0x00000000f6880000)
  from space 61440K, 41% used [0x00000000fbb80000,0x00000000fd48cb98,0x00000000ff780000)
  to   space 73216K, 0% used [0x00000000f6880000,0x00000000f6880000,0x00000000fb000000)
 ParOldGen       total 392704K, used 182496K [0x0000000080000000, 0x0000000097f80000, 0x00000000d5580000)
  object space 392704K, 46% used [0x0000000080000000,0x000000008b238378,0x0000000097f80000)
 Metaspace       used 250065K, capacity 265282K, committed 265496K, reserved 1280000K
  class space    used 32419K, capacity 35038K, committed 35104K, reserved 1048576K
Event: 3708.618 GC heap after
Heap after GC invocations=57 (full 6):
 PSYoungGen      total 543744K, used 19533K [0x00000000d5580000, 0x00000000fdd00000, 0x0000000100000000)
  eden space 523776K, 0% used [0x00000000d5580000,0x00000000d5580000,0x00000000f5500000)
  from space 19968K, 97% used [0x00000000f6880000,0x00000000f7b93400,0x00000000f7c00000)
  to   space 69632K, 0% used [0x00000000f9900000,0x00000000f9900000,0x00000000fdd00000)
 ParOldGen       total 392704K, used 182504K [0x0000000080000000, 0x0000000097f80000, 0x00000000d5580000)
  object space 392704K, 46% used [0x0000000080000000,0x000000008b23a378,0x0000000097f80000)
 Metaspace       used 250065K, capacity 265282K, committed 265496K, reserved 1280000K
  class space    used 32419K, capacity 35038K, committed 35104K, reserved 1048576K
}
Event: 4503.270 GC heap before
{Heap before GC invocations=58 (full 6):
 PSYoungGen      total 543744K, used 543309K [0x00000000d5580000, 0x00000000fdd00000, 0x0000000100000000)
  eden space 523776K, 100% used [0x00000000d5580000,0x00000000f5500000,0x00000000f5500000)
  from space 19968K, 97% used [0x00000000f6880000,0x00000000f7b93400,0x00000000f7c00000)
  to   space 69632K, 0% used [0x00000000f9900000,0x00000000f9900000,0x00000000fdd00000)
 ParOldGen       total 392704K, used 182504K [0x0000000080000000, 0x0000000097f80000, 0x00000000d5580000)
  object space 392704K, 46% used [0x0000000080000000,0x000000008b23a378,0x0000000097f80000)
 Metaspace       used 250865K, capacity 266780K, committed 267032K, reserved 1282048K
  class space    used 32531K, capacity 35243K, committed 35360K, reserved 1048576K
Event: 4503.335 GC heap after
Heap after GC invocations=58 (full 6):
 PSYoungGen      total 552448K, used 6544K [0x00000000d5580000, 0x00000000fc780000, 0x0000000100000000)
  eden space 504832K, 0% used [0x00000000d5580000,0x00000000d5580000,0x00000000f4280000)
  from space 47616K, 13% used [0x00000000f9900000,0x00000000f9f640f0,0x00000000fc780000)
  to   space 68096K, 0% used [0x00000000f4280000,0x00000000f4280000,0x00000000f8500000)
 ParOldGen       total 392704K, used 182512K [0x0000000080000000, 0x0000000097f80000, 0x00000000d5580000)
  object space 392704K, 46% used [0x0000000080000000,0x000000008b23c378,0x0000000097f80000)
 Metaspace       used 250865K, capacity 266780K, committed 267032K, reserved 1282048K
  class space    used 32531K, capacity 35243K, committed 35360K, reserved 1048576K
}
Event: 4518.404 GC heap before
{Heap before GC invocations=59 (full 6):
 PSYoungGen      total 552448K, used 407891K [0x00000000d5580000, 0x00000000fc780000, 0x0000000100000000)
  eden space 504832K, 79% used [0x00000000d5580000,0x00000000edd70da0,0x00000000f4280000)
  from space 47616K, 13% used [0x00000000f9900000,0x00000000f9f640f0,0x00000000fc780000)
  to   space 68096K, 0% used [0x00000000f4280000,0x00000000f4280000,0x00000000f8500000)
 ParOldGen       total 392704K, used 182512K [0x0000000080000000, 0x0000000097f80000, 0x00000000d5580000)
  object space 392704K, 46% used [0x0000000080000000,0x000000008b23c378,0x0000000097f80000)
 Metaspace       used 251803K, capacity 267844K, committed 268184K, reserved 1282048K
  class space    used 32628K, capacity 35351K, committed 35488K, reserved 1048576K
Event: 4518.424 GC heap after
Heap after GC invocations=59 (full 6):
 PSYoungGen      total 524288K, used 19068K [0x00000000d5580000, 0x00000000fc080000, 0x0000000100000000)
  eden space 504832K, 0% used [0x00000000d5580000,0x00000000d5580000,0x00000000f4280000)
  from space 19456K, 98% used [0x00000000f4280000,0x00000000f551f2a0,0x00000000f5580000)
  to   space 64512K, 0% used [0x00000000f8180000,0x00000000f8180000,0x00000000fc080000)
 ParOldGen       total 392704K, used 182520K [0x0000000080000000, 0x0000000097f80000, 0x00000000d5580000)
  object space 392704K, 46% used [0x0000000080000000,0x000000008b23e378,0x0000000097f80000)
 Metaspace       used 251803K, capacity 267844K, committed 268184K, reserved 1282048K
  class space    used 32628K, capacity 35351K, committed 35488K, reserved 1048576K
}
Event: 4518.424 GC heap before
{Heap before GC invocations=60 (full 7):
 PSYoungGen      total 524288K, used 19068K [0x00000000d5580000, 0x00000000fc080000, 0x0000000100000000)
  eden space 504832K, 0% used [0x00000000d5580000,0x00000000d5580000,0x00000000f4280000)
  from space 19456K, 98% used [0x00000000f4280000,0x00000000f551f2a0,0x00000000f5580000)
  to   space 64512K, 0% used [0x00000000f8180000,0x00000000f8180000,0x00000000fc080000)
 ParOldGen       total 392704K, used 182520K [0x0000000080000000, 0x0000000097f80000, 0x00000000d5580000)
  object space 392704K, 46% used [0x0000000080000000,0x000000008b23e378,0x0000000097f80000)
 Metaspace       used 251803K, capacity 267844K, committed 268184K, reserved 1282048K
  class space    used 32628K, capacity 35351K, committed 35488K, reserved 1048576K
Event: 4531.601 GC heap after
Heap after GC invocations=60 (full 7):
 PSYoungGen      total 524288K, used 0K [0x00000000d5580000, 0x00000000fc080000, 0x0000000100000000)
  eden space 504832K, 0% used [0x00000000d5580000,0x00000000d5580000,0x00000000f4280000)
  from space 19456K, 0% used [0x00000000f4280000,0x00000000f4280000,0x00000000f5580000)
  to   space 64512K, 0% used [0x00000000f8180000,0x00000000f8180000,0x00000000fc080000)
 ParOldGen       total 392704K, used 101710K [0x0000000080000000, 0x0000000097f80000, 0x00000000d5580000)
  object space 392704K, 25% used [0x0000000080000000,0x0000000086353b48,0x0000000097f80000)
 Metaspace       used 212926K, capacity 223926K, committed 257944K, reserved 1271808K
  class space    used 27349K, capacity 29234K, committed 35488K, reserved 1048576K
}

