# JRE version: OpenJDK Runtime Environment (8.0_242-b01) (build 1.8.0_242-release-1644-b01)
# Java VM: OpenJDK 64-Bit Server VM (25.242-b01 mixed mode windows-amd64 compressed oops)
Heap:
 PSYoungGen      total 415744K, used 373340K [0x00000000d5580000, 0x00000000f2780000, 0x0000000100000000)
  eden space 369664K, 97% used [0x00000000d5580000,0x00000000eb413b40,0x00000000ebe80000)
  from space 46080K, 31% used [0x00000000efa80000,0x00000000f08837c0,0x00000000f2780000)
  to   space 53760K, 0% used [0x00000000ebe80000,0x00000000ebe80000,0x00000000ef300000)
 ParOldGen       total 216576K, used 104808K [0x0000000080000000, 0x000000008d380000, 0x00000000d5580000)
  object space 216576K, 48% used [0x0000000080000000,0x000000008665a3b0,0x000000008d380000)
 Metaspace       used 114002K, capacity 121090K, committed 121256K, reserved 1155072K
  class space    used 14679K, capacity 16006K, committed 16048K, reserved 1048576K
GC Heap History (10 events):
Event: 3772.666 GC heap before
{Heap before GC invocations=34 (full 4):
 PSYoungGen      total 268288K, used 234851K [0x00000000d5580000, 0x00000000eb700000, 0x0000000100000000)
  eden space 223232K, 100% used [0x00000000d5580000,0x00000000e2f80000,0x00000000e2f80000)
  from space 45056K, 25% used [0x00000000e2f80000,0x00000000e3ad8c30,0x00000000e5b80000)
  to   space 44544K, 0% used [0x00000000e8b80000,0x00000000e8b80000,0x00000000eb700000)
 ParOldGen       total 216576K, used 92609K [0x0000000080000000, 0x000000008d380000, 0x00000000d5580000)
  object space 216576K, 42% used [0x0000000080000000,0x0000000085a707a8,0x000000008d380000)
 Metaspace       used 111611K, capacity 117894K, committed 118184K, reserved 1150976K
  class space    used 14483K, capacity 15678K, committed 15792K, reserved 1048576K
Event: 3772.684 GC heap after
Heap after GC invocations=34 (full 4):
 PSYoungGen      total 316928K, used 3552K [0x00000000d5580000, 0x00000000eb800000, 0x0000000100000000)
  eden space 272384K, 0% used [0x00000000d5580000,0x00000000d5580000,0x00000000e5f80000)
  from space 44544K, 7% used [0x00000000e8b80000,0x00000000e8ef8010,0x00000000eb700000)
  to   space 45056K, 0% used [0x00000000e5f80000,0x00000000e5f80000,0x00000000e8b80000)
 ParOldGen       total 216576K, used 100854K [0x0000000080000000, 0x000000008d380000, 0x00000000d5580000)
  object space 216576K, 46% used [0x0000000080000000,0x000000008627d858,0x000000008d380000)
 Metaspace       used 111611K, capacity 117894K, committed 118184K, reserved 1150976K
  class space    used 14483K, capacity 15678K, committed 15792K, reserved 1048576K
}
Event: 3775.798 GC heap before
{Heap before GC invocations=35 (full 4):
 PSYoungGen      total 316928K, used 275936K [0x00000000d5580000, 0x00000000eb800000, 0x0000000100000000)
  eden space 272384K, 100% used [0x00000000d5580000,0x00000000e5f80000,0x00000000e5f80000)
  from space 44544K, 7% used [0x00000000e8b80000,0x00000000e8ef8010,0x00000000eb700000)
  to   space 45056K, 0% used [0x00000000e5f80000,0x00000000e5f80000,0x00000000e8b80000)
 ParOldGen       total 216576K, used 100854K [0x0000000080000000, 0x000000008d380000, 0x00000000d5580000)
  object space 216576K, 46% used [0x0000000080000000,0x000000008627d858,0x000000008d380000)
 Metaspace       used 112456K, capacity 118874K, committed 119080K, reserved 1153024K
  class space    used 14558K, capacity 15796K, committed 15920K, reserved 1048576K
Event: 3775.848 GC heap after
Heap after GC invocations=35 (full 4):
 PSYoungGen      total 317440K, used 38183K [0x00000000d5580000, 0x00000000efa00000, 0x0000000100000000)
  eden space 272384K, 0% used [0x00000000d5580000,0x00000000d5580000,0x00000000e5f80000)
  from space 45056K, 84% used [0x00000000e5f80000,0x00000000e84c9e10,0x00000000e8b80000)
  to   space 49664K, 0% used [0x00000000ec980000,0x00000000ec980000,0x00000000efa00000)
 ParOldGen       total 216576K, used 101406K [0x0000000080000000, 0x000000008d380000, 0x00000000d5580000)
  object space 216576K, 46% used [0x0000000080000000,0x0000000086307878,0x000000008d380000)
 Metaspace       used 112456K, capacity 118874K, committed 119080K, reserved 1153024K
  class space    used 14558K, capacity 15796K, committed 15920K, reserved 1048576K
}
Event: 3778.943 GC heap before
{Heap before GC invocations=36 (full 4):
 PSYoungGen      total 317440K, used 310567K [0x00000000d5580000, 0x00000000efa00000, 0x0000000100000000)
  eden space 272384K, 100% used [0x00000000d5580000,0x00000000e5f80000,0x00000000e5f80000)
  from space 45056K, 84% used [0x00000000e5f80000,0x00000000e84c9e10,0x00000000e8b80000)
  to   space 49664K, 0% used [0x00000000ec980000,0x00000000ec980000,0x00000000efa00000)
 ParOldGen       total 216576K, used 101406K [0x0000000080000000, 0x000000008d380000, 0x00000000d5580000)
  object space 216576K, 46% used [0x0000000080000000,0x0000000086307878,0x000000008d380000)
 Metaspace       used 112684K, capacity 119166K, committed 119336K, reserved 1153024K
  class space    used 14573K, capacity 15820K, committed 15920K, reserved 1048576K
Event: 3778.951 GC heap after
Heap after GC invocations=36 (full 4):
 PSYoungGen      total 370688K, used 6541K [0x00000000d5580000, 0x00000000ef480000, 0x0000000100000000)
  eden space 326656K, 0% used [0x00000000d5580000,0x00000000d5580000,0x00000000e9480000)
  from space 44032K, 14% used [0x00000000ec980000,0x00000000ecfe3578,0x00000000ef480000)
  to   space 49152K, 0% used [0x00000000e9480000,0x00000000e9480000,0x00000000ec480000)
 ParOldGen       total 216576K, used 102170K [0x0000000080000000, 0x000000008d380000, 0x00000000d5580000)
  object space 216576K, 47% used [0x0000000080000000,0x00000000863c68a8,0x000000008d380000)
 Metaspace       used 112684K, capacity 119166K, committed 119336K, reserved 1153024K
  class space    used 14573K, capacity 15820K, committed 15920K, reserved 1048576K
}
Event: 4186.924 GC heap before
{Heap before GC invocations=37 (full 4):
 PSYoungGen      total 370688K, used 333197K [0x00000000d5580000, 0x00000000ef480000, 0x0000000100000000)
  eden space 326656K, 100% used [0x00000000d5580000,0x00000000e9480000,0x00000000e9480000)
  from space 44032K, 14% used [0x00000000ec980000,0x00000000ecfe3578,0x00000000ef480000)
  to   space 49152K, 0% used [0x00000000e9480000,0x00000000e9480000,0x00000000ec480000)
 ParOldGen       total 216576K, used 102170K [0x0000000080000000, 0x000000008d380000, 0x00000000d5580000)
  object space 216576K, 47% used [0x0000000080000000,0x00000000863c68a8,0x000000008d380000)
 Metaspace       used 113396K, capacity 120212K, committed 120488K, reserved 1153024K
  class space    used 14644K, capacity 15949K, committed 16048K, reserved 1048576K
Event: 4186.993 GC heap after
Heap after GC invocations=37 (full 4):
 PSYoungGen      total 375808K, used 44580K [0x00000000d5580000, 0x00000000f3100000, 0x0000000100000000)
  eden space 326656K, 0% used [0x00000000d5580000,0x00000000d5580000,0x00000000e9480000)
  from space 49152K, 90% used [0x00000000e9480000,0x00000000ec009030,0x00000000ec480000)
  to   space 55808K, 0% used [0x00000000efa80000,0x00000000efa80000,0x00000000f3100000)
 ParOldGen       total 216576K, used 104380K [0x0000000080000000, 0x000000008d380000, 0x00000000d5580000)
  object space 216576K, 48% used [0x0000000080000000,0x00000000865ef370,0x000000008d380000)
 Metaspace       used 113396K, capacity 120212K, committed 120488K, reserved 1153024K
  class space    used 14644K, capacity 15949K, committed 16048K, reserved 1048576K
}
Event: 5245.681 GC heap before
{Heap before GC invocations=38 (full 4):
 PSYoungGen      total 375808K, used 371236K [0x00000000d5580000, 0x00000000f3100000, 0x0000000100000000)
  eden space 326656K, 100% used [0x00000000d5580000,0x00000000e9480000,0x00000000e9480000)
  from space 49152K, 90% used [0x00000000e9480000,0x00000000ec009030,0x00000000ec480000)
  to   space 55808K, 0% used [0x00000000efa80000,0x00000000efa80000,0x00000000f3100000)
 ParOldGen       total 216576K, used 104380K [0x0000000080000000, 0x000000008d380000, 0x00000000d5580000)
  object space 216576K, 48% used [0x0000000080000000,0x00000000865ef370,0x000000008d380000)
 Metaspace       used 113614K, capacity 120544K, committed 120744K, reserved 1155072K
  class space    used 14653K, capacity 15961K, committed 16048K, reserved 1048576K
Event: 5245.703 GC heap after
Heap after GC invocations=38 (full 4):
 PSYoungGen      total 415744K, used 14349K [0x00000000d5580000, 0x00000000f2780000, 0x0000000100000000)
  eden space 369664K, 0% used [0x00000000d5580000,0x00000000d5580000,0x00000000ebe80000)
  from space 46080K, 31% used [0x00000000efa80000,0x00000000f08837c0,0x00000000f2780000)
  to   space 53760K, 0% used [0x00000000ebe80000,0x00000000ebe80000,0x00000000ef300000)
 ParOldGen       total 216576K, used 104808K [0x0000000080000000, 0x000000008d380000, 0x00000000d5580000)
  object space 216576K, 48% used [0x0000000080000000,0x000000008665a3b0,0x000000008d380000)
 Metaspace       used 113614K, capacity 120544K, committed 120744K, reserved 1155072K
  class space    used 14653K, capacity 15961K, committed 16048K, reserved 1048576K
}

